<?xml version="1.0" encoding="UTF-8"?>
<!-- Generated by org.testng.reporters.JUnitXMLReporter -->
<testsuite hostname="Taniya" ignored="0" name="Default test" tests="3" failures="0" timestamp="03 Oct 2020 05:41:48 GMT" time="84.459" errors="0">
  <testcase name="destinationlink" time="3.995" classname="com.qa.blaze.Testcases.TravelPageTest"/>
  <testcase name="homepagelink" time="2.661" classname="com.qa.blaze.Testcases.TravelPageTest"/>
  <testcase name="findflightTest" time="6.444" classname="com.qa.blaze.Testcases.TravelPageTest"/>
</testsuite> <!-- Default test -->
