<?xml version="1.0" encoding="UTF-8"?>
<!-- Generated by org.testng.reporters.JUnitXMLReporter -->
<testsuite hostname="Taniya" ignored="0" name="Test" tests="6" failures="1" timestamp="03 Oct 2020 08:39:26 GMT" time="98.326" errors="0">
  <testcase name="Choseflight" time="8.985" classname="com.qa.blaze.Testcases.ReservePageTest"/>
  <testcase name="homepage" time="2.772" classname="com.qa.blaze.Testcases.ConfirmationPageTest">
    <failure type="java.lang.IllegalMonitorStateException">
      <![CDATA[java.lang.IllegalMonitorStateException
	at java.lang.Object.wait(Native Method)
	at com.qa.blaze.Testcases.ConfirmationPageTest.homepage(ConfirmationPageTest.java:42)
... Removed 25 stack frames]]>
    </failure>
  </testcase> <!-- homepage -->
  <testcase name="flightpurchase" time="8.999" classname="com.qa.blaze.Testcases.PurchasePageTest"/>
  <testcase name="destinationlink" time="1.869" classname="com.qa.blaze.Testcases.TravelPageTest"/>
  <testcase name="homepagelink" time="2.649" classname="com.qa.blaze.Testcases.TravelPageTest"/>
  <testcase name="findflightTest" time="6.708" classname="com.qa.blaze.Testcases.TravelPageTest"/>
</testsuite> <!-- Test -->
