<?xml version="1.0" encoding="UTF-8"?>
<testng-results skipped="0" failed="1" ignored="0" total="6" passed="5">
  <reporter-output>
  </reporter-output>
  <suite name="Suite" duration-ms="98326" started-at="2020-10-03T08:37:47Z" finished-at="2020-10-03T08:39:25Z">
    <groups>
    </groups>
    <test name="Test" duration-ms="98326" started-at="2020-10-03T08:37:47Z" finished-at="2020-10-03T08:39:25Z">
      <class name="com.qa.blaze.Testcases.ReservePageTest">
        <test-method status="PASS" signature="setup()[pri:0, instance:com.qa.blaze.Testcases.ReservePageTest@6a4f787b]" name="setup" is-config="true" duration-ms="10522" started-at="2020-10-03T14:07:48Z" finished-at="2020-10-03T14:07:59Z">
          <reporter-output>
          </reporter-output>
        </test-method> <!-- setup -->
        <test-method status="PASS" signature="Choseflight(java.lang.String, java.lang.String)[pri:0, instance:com.qa.blaze.Testcases.ReservePageTest@6a4f787b]" name="Choseflight" duration-ms="8985" started-at="2020-10-03T14:07:59Z" data-provider="getflightRoute" finished-at="2020-10-03T14:08:07Z">
          <params>
            <param index="0">
              <value>
                <![CDATA[Boston]]>
              </value>
            </param>
            <param index="1">
              <value>
                <![CDATA[London]]>
              </value>
            </param>
          </params>
          <reporter-output>
          </reporter-output>
        </test-method> <!-- Choseflight -->
        <test-method status="PASS" signature="teardown()[pri:0, instance:com.qa.blaze.Testcases.ReservePageTest@6a4f787b]" name="teardown" is-config="true" duration-ms="13487" started-at="2020-10-03T14:08:07Z" finished-at="2020-10-03T14:08:21Z">
          <reporter-output>
          </reporter-output>
        </test-method> <!-- teardown -->
      </class> <!-- com.qa.blaze.Testcases.ReservePageTest -->
      <class name="com.qa.blaze.Testcases.TravelPageTest">
        <test-method status="PASS" signature="setup()[pri:0, instance:com.qa.blaze.Testcases.TravelPageTest@7cd62f43]" name="setup" is-config="true" duration-ms="7628" started-at="2020-10-03T14:08:51Z" finished-at="2020-10-03T14:08:59Z">
          <reporter-output>
          </reporter-output>
        </test-method> <!-- setup -->
        <test-method status="PASS" signature="destinationlink()[pri:1, instance:com.qa.blaze.Testcases.TravelPageTest@7cd62f43]" name="destinationlink" duration-ms="1869" started-at="2020-10-03T14:08:59Z" finished-at="2020-10-03T14:09:01Z">
          <reporter-output>
          </reporter-output>
        </test-method> <!-- destinationlink -->
        <test-method status="PASS" signature="teardown()[pri:0, instance:com.qa.blaze.Testcases.TravelPageTest@7cd62f43]" name="teardown" is-config="true" duration-ms="712" started-at="2020-10-03T14:09:01Z" finished-at="2020-10-03T14:09:02Z">
          <reporter-output>
          </reporter-output>
        </test-method> <!-- teardown -->
        <test-method status="PASS" signature="setup()[pri:0, instance:com.qa.blaze.Testcases.TravelPageTest@7cd62f43]" name="setup" is-config="true" duration-ms="7590" started-at="2020-10-03T14:09:02Z" finished-at="2020-10-03T14:09:09Z">
          <reporter-output>
          </reporter-output>
        </test-method> <!-- setup -->
        <test-method status="PASS" signature="homepagelink()[pri:2, instance:com.qa.blaze.Testcases.TravelPageTest@7cd62f43]" name="homepagelink" duration-ms="2649" started-at="2020-10-03T14:09:09Z" finished-at="2020-10-03T14:09:12Z">
          <reporter-output>
          </reporter-output>
        </test-method> <!-- homepagelink -->
        <test-method status="PASS" signature="teardown()[pri:0, instance:com.qa.blaze.Testcases.TravelPageTest@7cd62f43]" name="teardown" is-config="true" duration-ms="721" started-at="2020-10-03T14:09:12Z" finished-at="2020-10-03T14:09:13Z">
          <reporter-output>
          </reporter-output>
        </test-method> <!-- teardown -->
        <test-method status="PASS" signature="setup()[pri:0, instance:com.qa.blaze.Testcases.TravelPageTest@7cd62f43]" name="setup" is-config="true" duration-ms="5421" started-at="2020-10-03T14:09:13Z" finished-at="2020-10-03T14:09:18Z">
          <reporter-output>
          </reporter-output>
        </test-method> <!-- setup -->
        <test-method status="PASS" signature="findflightTest(java.lang.String, java.lang.String)[pri:3, instance:com.qa.blaze.Testcases.TravelPageTest@7cd62f43]" name="findflightTest" duration-ms="6708" started-at="2020-10-03T14:09:18Z" data-provider="getflightRoute" finished-at="2020-10-03T14:09:25Z">
          <params>
            <param index="0">
              <value>
                <![CDATA[Boston]]>
              </value>
            </param>
            <param index="1">
              <value>
                <![CDATA[London]]>
              </value>
            </param>
          </params>
          <reporter-output>
          </reporter-output>
        </test-method> <!-- findflightTest -->
        <test-method status="PASS" signature="teardown()[pri:0, instance:com.qa.blaze.Testcases.TravelPageTest@7cd62f43]" name="teardown" is-config="true" duration-ms="683" started-at="2020-10-03T14:09:25Z" finished-at="2020-10-03T14:09:25Z">
          <reporter-output>
          </reporter-output>
        </test-method> <!-- teardown -->
      </class> <!-- com.qa.blaze.Testcases.TravelPageTest -->
      <class name="com.qa.blaze.Testcases.ConfirmationPageTest">
        <test-method status="PASS" signature="setup()[pri:0, instance:com.qa.blaze.Testcases.ConfirmationPageTest@685cb137]" name="setup" is-config="true" duration-ms="9070" started-at="2020-10-03T14:08:21Z" finished-at="2020-10-03T14:08:30Z">
          <reporter-output>
          </reporter-output>
        </test-method> <!-- setup -->
        <test-method status="FAIL" signature="homepage()[pri:1, instance:com.qa.blaze.Testcases.ConfirmationPageTest@685cb137]" name="homepage" duration-ms="2772" started-at="2020-10-03T14:08:30Z" finished-at="2020-10-03T14:08:33Z">
          <exception class="java.lang.IllegalMonitorStateException">
            <full-stacktrace>
              <![CDATA[java.lang.IllegalMonitorStateException
	at java.lang.Object.wait(Native Method)
	at com.qa.blaze.Testcases.ConfirmationPageTest.homepage(ConfirmationPageTest.java:42)
	at sun.reflect.NativeMethodAccessorImpl.invoke0(Native Method)
	at sun.reflect.NativeMethodAccessorImpl.invoke(Unknown Source)
	at sun.reflect.DelegatingMethodAccessorImpl.invoke(Unknown Source)
	at java.lang.reflect.Method.invoke(Unknown Source)
	at org.testng.internal.MethodInvocationHelper.invokeMethod(MethodInvocationHelper.java:108)
	at org.testng.internal.Invoker.invokeMethod(Invoker.java:661)
	at org.testng.internal.Invoker.invokeTestMethod(Invoker.java:869)
	at org.testng.internal.Invoker.invokeTestMethods(Invoker.java:1193)
	at org.testng.internal.TestMethodWorker.invokeTestMethods(TestMethodWorker.java:126)
	at org.testng.internal.TestMethodWorker.run(TestMethodWorker.java:109)
	at org.testng.TestRunner.privateRun(TestRunner.java:744)
	at org.testng.TestRunner.run(TestRunner.java:602)
	at org.testng.SuiteRunner.runTest(SuiteRunner.java:380)
	at org.testng.SuiteRunner.runSequentially(SuiteRunner.java:375)
	at org.testng.SuiteRunner.privateRun(SuiteRunner.java:340)
	at org.testng.SuiteRunner.run(SuiteRunner.java:289)
	at org.testng.SuiteRunnerWorker.runSuite(SuiteRunnerWorker.java:52)
	at org.testng.SuiteRunnerWorker.run(SuiteRunnerWorker.java:86)
	at org.testng.TestNG.runSuitesSequentially(TestNG.java:1301)
	at org.testng.TestNG.runSuitesLocally(TestNG.java:1226)
	at org.testng.TestNG.runSuites(TestNG.java:1144)
	at org.testng.TestNG.run(TestNG.java:1115)
	at org.testng.remote.AbstractRemoteTestNG.run(AbstractRemoteTestNG.java:114)
	at org.testng.remote.RemoteTestNG.initAndRun(RemoteTestNG.java:251)
	at org.testng.remote.RemoteTestNG.main(RemoteTestNG.java:77)
]]>
            </full-stacktrace>
          </exception> <!-- java.lang.IllegalMonitorStateException -->
          <reporter-output>
          </reporter-output>
        </test-method> <!-- homepage -->
        <test-method status="PASS" signature="teardown()[pri:0, instance:com.qa.blaze.Testcases.ConfirmationPageTest@685cb137]" name="teardown" is-config="true" duration-ms="765" started-at="2020-10-03T14:08:33Z" finished-at="2020-10-03T14:08:34Z">
          <reporter-output>
          </reporter-output>
        </test-method> <!-- teardown -->
      </class> <!-- com.qa.blaze.Testcases.ConfirmationPageTest -->
      <class name="com.qa.blaze.Testcases.PurchasePageTest">
        <test-method status="PASS" signature="setup()[pri:0, instance:com.qa.blaze.Testcases.PurchasePageTest@6a41eaa2]" name="setup" is-config="true" duration-ms="8632" started-at="2020-10-03T14:08:34Z" finished-at="2020-10-03T14:08:42Z">
          <reporter-output>
          </reporter-output>
        </test-method> <!-- setup -->
        <test-method status="PASS" signature="flightpurchase(java.lang.String, java.lang.String, java.lang.String, java.lang.String, java.lang.String, java.lang.String, java.lang.String, java.lang.String, java.lang.String, java.lang.String)[pri:1, instance:com.qa.blaze.Testcases.PurchasePageTest@6a41eaa2]" name="flightpurchase" duration-ms="8999" started-at="2020-10-03T14:08:42Z" data-provider="getpurchase" finished-at="2020-10-03T14:08:51Z">
          <params>
            <param index="0">
              <value>
                <![CDATA[Test]]>
              </value>
            </param>
            <param index="1">
              <value>
                <![CDATA[1234 way down bay]]>
              </value>
            </param>
            <param index="2">
              <value>
                <![CDATA[Pune]]>
              </value>
            </param>
            <param index="3">
              <value>
                <![CDATA[mahastra]]>
              </value>
            </param>
            <param index="4">
              <value>
                <![CDATA[90001.0]]>
              </value>
            </param>
            <param index="5">
              <value>
                <![CDATA[American Express]]>
              </value>
            </param>
            <param index="6">
              <value>
                <![CDATA[3.2423423E7]]>
              </value>
            </param>
            <param index="7">
              <value>
                <![CDATA[12.0]]>
              </value>
            </param>
            <param index="8">
              <value>
                <![CDATA[2016.0]]>
              </value>
            </param>
            <param index="9">
              <value>
                <![CDATA[Anita Giri]]>
              </value>
            </param>
          </params>
          <reporter-output>
          </reporter-output>
        </test-method> <!-- flightpurchase -->
        <test-method status="PASS" signature="teardown()[pri:0, instance:com.qa.blaze.Testcases.PurchasePageTest@6a41eaa2]" name="teardown" is-config="true" duration-ms="43" started-at="2020-10-03T14:08:51Z" finished-at="2020-10-03T14:08:51Z">
          <reporter-output>
          </reporter-output>
        </test-method> <!-- teardown -->
      </class> <!-- com.qa.blaze.Testcases.PurchasePageTest -->
    </test> <!-- Test -->
  </suite> <!-- Suite -->
</testng-results>
